Open5GS daemon v2.4.4

01/10 18:17:17.921: [app] INFO: Configuration: '/open5gs/install/etc/open5gs/amf.yaml' (../lib/app/ogs-init.c:129)
01/10 18:17:17.921: [app] INFO: File Logging: '/open5gs/install/var/log/open5gs/amf.log' (../lib/app/ogs-init.c:132)
01/10 18:17:17.928: [sbi] INFO: nghttp2_server() [127.0.0.5]:7777 (../lib/sbi/nghttp2-server.c:144)
01/10 18:17:17.945: [sock] ERROR: socket bind(2) [192.168.0.111]:38412 failed (99:Cannot assign requested address) (../lib/core/ogs-socket.c:109)
01/10 18:17:17.945: [sock] ERROR: sctp_server() [192.168.0.111]:38412 failed (99:Cannot assign requested address) (../lib/sctp/ogs-lksctp.c:99)
01/10 18:17:17.945: [sctp] ERROR: Failed to intialize AMF (../src/amf/app.c:30)
01/10 18:17:17.945: [app] FATAL: Open5GS initialization failed. Aborted (../src/main.c:219)
Open5GS daemon v2.4.4

01/10 19:14:05.455: [app] INFO: Configuration: '/open5gs/install/etc/open5gs/amf.yaml' (../lib/app/ogs-init.c:129)
01/10 19:14:05.455: [app] INFO: File Logging: '/open5gs/install/var/log/open5gs/amf.log' (../lib/app/ogs-init.c:132)
01/10 19:14:05.459: [sbi] INFO: nghttp2_server() [127.0.0.5]:7777 (../lib/sbi/nghttp2-server.c:144)
01/10 19:14:05.460: [sock] ERROR: socket bind(2) [192.168.0.111]:38412 failed (99:Cannot assign requested address) (../lib/core/ogs-socket.c:109)
01/10 19:14:05.460: [sock] ERROR: sctp_server() [192.168.0.111]:38412 failed (99:Cannot assign requested address) (../lib/sctp/ogs-lksctp.c:99)
01/10 19:14:05.460: [sctp] ERROR: Failed to intialize AMF (../src/amf/app.c:30)
01/10 19:14:05.460: [app] FATAL: Open5GS initialization failed. Aborted (../src/main.c:219)
Open5GS daemon v2.4.4

01/10 19:54:23.994: [app] INFO: Configuration: '/open5gs/install/etc/open5gs/amf.yaml' (../lib/app/ogs-init.c:129)
01/10 19:54:23.994: [app] INFO: File Logging: '/open5gs/install/var/log/open5gs/amf.log' (../lib/app/ogs-init.c:132)
01/10 19:54:24.016: [sbi] INFO: nghttp2_server() [127.0.0.5]:7777 (../lib/sbi/nghttp2-server.c:144)
01/10 19:54:24.041: [sock] ERROR: socket bind(2) [192.168.0.111]:38412 failed (99:Cannot assign requested address) (../lib/core/ogs-socket.c:109)
01/10 19:54:24.041: [sock] ERROR: sctp_server() [192.168.0.111]:38412 failed (99:Cannot assign requested address) (../lib/sctp/ogs-lksctp.c:99)
01/10 19:54:24.041: [sctp] ERROR: Failed to intialize AMF (../src/amf/app.c:30)
01/10 19:54:24.041: [app] FATAL: Open5GS initialization failed. Aborted (../src/main.c:219)
Open5GS daemon v2.4.4

01/10 20:37:55.903: [app] INFO: Configuration: '/open5gs/install/etc/open5gs/amf.yaml' (../lib/app/ogs-init.c:129)
01/10 20:37:55.903: [app] INFO: File Logging: '/open5gs/install/var/log/open5gs/amf.log' (../lib/app/ogs-init.c:132)
01/10 20:37:55.907: [sbi] INFO: nghttp2_server() [127.0.0.5]:7777 (../lib/sbi/nghttp2-server.c:144)
01/10 20:37:55.907: [amf] INFO: ngap_server() [192.168.0.111]:38412 (../src/amf/ngap-sctp.c:53)
01/10 20:37:55.907: [sctp] INFO: AMF initialize...done (../src/amf/app.c:33)
01/10 20:37:55.908: [amf] INFO: [2267bb4a-aff8-41ee-a40e-ddf8d089aa9f] NF registred [Heartbeat:10s] (../src/amf/nf-sm.c:198)
01/10 20:40:23.112: [amf] INFO: gNB-N2 accepted[192.168.0.131]:35065 in ng-path module (../src/amf/ngap-sctp.c:105)
01/10 20:40:23.112: [amf] INFO: gNB-N2 accepted[192.168.0.131] in master_sm module (../src/amf/amf-sm.c:619)
01/10 20:40:23.112: [amf] INFO: [GNB] max_num_of_ostreams : 30 (../src/amf/context.c:854)
01/10 20:40:23.112: [amf] INFO: [Added] Number of gNBs is now 1 (../src/amf/context.c:869)
Open5GS daemon v2.4.4

01/10 20:51:24.800: [app] INFO: Configuration: '/open5gs/install/etc/open5gs/amf.yaml' (../lib/app/ogs-init.c:129)
01/10 20:51:24.800: [app] INFO: File Logging: '/open5gs/install/var/log/open5gs/amf.log' (../lib/app/ogs-init.c:132)
01/10 20:51:24.811: [sbi] INFO: nghttp2_server() [127.0.0.5]:7777 (../lib/sbi/nghttp2-server.c:144)
01/10 20:51:24.812: [amf] INFO: ngap_server() [192.168.0.111]:38412 (../src/amf/ngap-sctp.c:53)
01/10 20:51:24.817: [sctp] INFO: AMF initialize...done (../src/amf/app.c:33)
01/10 20:51:24.818: [amf] INFO: [048bae40-affa-41ee-b314-c70d1751492b] NF registred [Heartbeat:10s] (../src/amf/nf-sm.c:198)
01/10 20:51:24.936: [amf] INFO: [048fbe7c-affa-41ee-a048-cb472cd5703c] (NRF-notify) NF registered (../src/amf/nnrf-handler.c:182)
01/10 20:51:24.936: [amf] INFO: [048fbe7c-affa-41ee-a048-cb472cd5703c] (NRF-notify) NF Profile updated (../src/amf/nnrf-handler.c:201)
Open5GS daemon v2.4.4

01/10 20:59:28.752: [app] INFO: Configuration: '/open5gs/install/etc/open5gs/amf.yaml' (../lib/app/ogs-init.c:129)
01/10 20:59:28.752: [app] INFO: File Logging: '/open5gs/install/var/log/open5gs/amf.log' (../lib/app/ogs-init.c:132)
01/10 20:59:28.766: [sbi] INFO: nghttp2_server() [127.0.0.5]:7777 (../lib/sbi/nghttp2-server.c:144)
01/10 20:59:28.778: [amf] INFO: ngap_server() [192.168.0.111]:38412 (../src/amf/ngap-sctp.c:53)
01/10 20:59:28.778: [sctp] INFO: AMF initialize...done (../src/amf/app.c:33)
01/10 20:59:28.780: [amf] INFO: [2500e374-affb-41ee-9068-d7d3ceb3afde] NF registred [Heartbeat:10s] (../src/amf/nf-sm.c:198)
01/10 20:59:28.863: [amf] INFO: [25069f6c-affb-41ee-8fd0-2b0e5b1d90a7] (NRF-notify) NF registered (../src/amf/nnrf-handler.c:182)
01/10 20:59:28.864: [amf] INFO: [25069f6c-affb-41ee-8fd0-2b0e5b1d90a7] (NRF-notify) NF Profile updated (../src/amf/nnrf-handler.c:201)
01/10 21:00:34.359: [amf] INFO: gNB-N2 accepted[192.168.0.131]:46159 in ng-path module (../src/amf/ngap-sctp.c:105)
01/10 21:00:34.359: [amf] INFO: gNB-N2 accepted[192.168.0.131] in master_sm module (../src/amf/amf-sm.c:619)
01/10 21:00:34.359: [amf] INFO: [GNB] max_num_of_ostreams : 30 (../src/amf/context.c:854)
01/10 21:00:34.359: [amf] INFO: [Added] Number of gNBs is now 1 (../src/amf/context.c:869)
01/10 21:01:35.721: [amf] INFO: InitialUEMessage (../src/amf/ngap-handler.c:361)
01/10 21:01:35.721: [amf] INFO: [Added] Number of gNB-UEs is now 1 (../src/amf/context.c:2064)
01/10 21:01:35.721: [amf] INFO:     RAN_UE_NGAP_ID[1] AMF_UE_NGAP_ID[1] TAC[1] CellID[0x10] (../src/amf/ngap-handler.c:497)
01/10 21:01:35.721: [amf] INFO: [suci-0-001-01-0000-0-0-1234567895] Unknown UE by SUCI (../src/amf/context.c:1390)
01/10 21:01:35.722: [amf] INFO: [Added] Number of AMF-UEs is now 1 (../src/amf/context.c:1189)
01/10 21:01:35.722: [gmm] INFO: Registration request (../src/amf/gmm-sm.c:134)
01/10 21:01:35.722: [gmm] INFO: [suci-0-001-01-0000-0-0-1234567895]    SUCI (../src/amf/gmm-handler.c:157)
01/10 21:01:35.722: [app] WARNING: Try to discover [AUSF] (../lib/sbi/path.c:110)
01/10 21:01:35.725: [amf] INFO: [25009bf8-affb-41ee-a835-3d4e3c74369b] (NF-discover) NF registered (../src/amf/nnrf-handler.c:342)
01/10 21:01:35.725: [amf] INFO: [25009bf8-affb-41ee-a835-3d4e3c74369b] (NF-discover) NF Profile updated (../src/amf/nnrf-handler.c:402)
01/10 21:01:35.930: [gmm] WARNING: Authentication failure(Synch failure) (../src/amf/gmm-sm.c:548)
01/10 21:01:36.318: [app] WARNING: Try to discover [UDM] (../lib/sbi/path.c:110)
01/10 21:01:36.319: [amf] INFO: [2500e89c-affb-41ee-982b-0971cda1d49a] (NF-discover) NF registered (../src/amf/nnrf-handler.c:342)
01/10 21:01:36.319: [amf] INFO: [2500e89c-affb-41ee-982b-0971cda1d49a] (NF-discover) NF Profile updated (../src/amf/nnrf-handler.c:402)
01/10 21:01:36.329: [app] WARNING: Try to discover [PCF] (../lib/sbi/path.c:110)
01/10 21:01:36.331: [amf] INFO: [250342ae-affb-41ee-a9b6-6b324cb21f9e] (NF-discover) NF registered (../src/amf/nnrf-handler.c:342)
01/10 21:01:36.331: [amf] INFO: [250342ae-affb-41ee-a9b6-6b324cb21f9e] (NF-discover) NF Profile updated (../src/amf/nnrf-handler.c:402)
01/10 21:01:36.884: [gmm] INFO: [imsi-001011234567895] Registration complete (../src/amf/gmm-sm.c:1063)
01/10 21:01:36.884: [amf] INFO: [imsi-001011234567895] Configuration update command (../src/amf/nas-path.c:389)
01/10 21:01:36.884: [gmm] INFO:     UTC [2024-01-10T21:01:36] Timezone[0]/DST[0] (../src/amf/gmm-build.c:502)
01/10 21:01:36.884: [gmm] INFO:     LOCAL [2024-01-10T21:01:36] Timezone[0]/DST[0] (../src/amf/gmm-build.c:507)
01/10 21:01:36.885: [amf] INFO: [Added] Number of AMF-Sessions is now 1 (../src/amf/context.c:2076)
01/10 21:01:36.885: [gmm] INFO: UE SUPI[imsi-001011234567895] DNN[internet] S_NSSAI[SST:1 SD:0x1] (../src/amf/gmm-handler.c:1047)
01/10 21:01:36.897: [amf] INFO: [Added] Number of AMF-Sessions is now 2 (../src/amf/context.c:2076)
01/10 21:01:36.897: [gmm] INFO: UE SUPI[imsi-001011234567895] DNN[mec] S_NSSAI[SST:2 SD:0x1] (../src/amf/gmm-handler.c:1047)
01/10 22:01:35.728: [amf] INFO: [25009bf8-affb-41ee-a835-3d4e3c74369b] NF expired (../src/amf/nf-sm.c:303)
01/10 22:01:36.328: [amf] INFO: [2500e89c-affb-41ee-982b-0971cda1d49a] NF expired (../src/amf/nf-sm.c:303)
01/10 22:01:36.332: [amf] INFO: [250342ae-affb-41ee-a9b6-6b324cb21f9e] NF expired (../src/amf/nf-sm.c:303)
01/10 22:51:58.145: [amf] INFO: gNB-N2[192.168.0.131] connection refused!!! (../src/amf/amf-sm.c:668)
01/10 22:51:58.146: [amf] INFO: [Removed] Number of gNBs is now 0 (../src/amf/context.c:897)
01/10 22:51:58.253: [amf] INFO: [Removed] Number of gNB-UEs is now 0 (../src/amf/context.c:2070)
Open5GS daemon v2.4.4

04/23 18:55:16.154: [app] INFO: Configuration: '/open5gs/install/etc/open5gs/amf.yaml' (../lib/app/ogs-init.c:129)
04/23 18:55:16.154: [app] INFO: File Logging: '/open5gs/install/var/log/open5gs/amf.log' (../lib/app/ogs-init.c:132)
04/23 18:55:16.159: [sbi] INFO: nghttp2_server() [127.0.0.5]:7777 (../lib/sbi/nghttp2-server.c:144)
04/23 18:55:16.175: [amf] INFO: ngap_server() [192.168.0.111]:38412 (../src/amf/ngap-sctp.c:53)
04/23 18:55:16.176: [sctp] INFO: AMF initialize...done (../src/amf/app.c:33)
04/23 18:55:16.177: [amf] INFO: [05dec1d8-01a3-41ef-8a9a-4b71a23a5788] NF registred [Heartbeat:10s] (../src/amf/nf-sm.c:198)
04/23 18:55:16.302: [amf] INFO: [05e58022-01a3-41ef-ae77-adc34e9b0595] (NRF-notify) NF registered (../src/amf/nnrf-handler.c:182)
04/23 18:55:16.302: [amf] INFO: [05e58022-01a3-41ef-ae77-adc34e9b0595] (NRF-notify) NF Profile updated (../src/amf/nnrf-handler.c:201)
Open5GS daemon v2.4.4

06/02 20:44:49.101: [app] INFO: Configuration: '/open5gs/install/etc/open5gs/amf.yaml' (../lib/app/ogs-init.c:129)
06/02 20:44:49.101: [app] INFO: File Logging: '/open5gs/install/var/log/open5gs/amf.log' (../lib/app/ogs-init.c:132)
06/02 20:44:49.122: [sbi] INFO: nghttp2_server() [127.0.0.5]:7777 (../lib/sbi/nghttp2-server.c:144)
06/02 20:44:49.174: [amf] INFO: ngap_server() [192.168.0.111]:38412 (../src/amf/ngap-sctp.c:53)
06/02 20:44:49.180: [sctp] INFO: AMF initialize...done (../src/amf/app.c:33)
06/02 20:44:49.193: [amf] INFO: [f42f5c98-2120-41ef-a633-2d146d204f0d] NF registred [Heartbeat:10s] (../src/amf/nf-sm.c:198)
06/02 20:44:49.773: [amf] INFO: [f460c436-2120-41ef-bf15-13a97362ad49] (NRF-notify) NF registered (../src/amf/nnrf-handler.c:182)
06/02 20:44:49.775: [amf] INFO: [f460c436-2120-41ef-bf15-13a97362ad49] (NRF-notify) NF Profile updated (../src/amf/nnrf-handler.c:201)
06/02 20:45:58.880: [amf] INFO: gNB-N2 accepted[192.168.0.131]:35855 in ng-path module (../src/amf/ngap-sctp.c:105)
06/02 20:45:58.881: [amf] INFO: gNB-N2 accepted[192.168.0.131] in master_sm module (../src/amf/amf-sm.c:619)
06/02 20:45:58.881: [amf] INFO: [GNB] max_num_of_ostreams : 30 (../src/amf/context.c:854)
06/02 20:45:58.881: [amf] INFO: [Added] Number of gNBs is now 1 (../src/amf/context.c:869)
06/02 20:47:02.037: [amf] INFO: InitialUEMessage (../src/amf/ngap-handler.c:361)
06/02 20:47:02.037: [amf] INFO: [Added] Number of gNB-UEs is now 1 (../src/amf/context.c:2064)
06/02 20:47:02.037: [amf] INFO:     RAN_UE_NGAP_ID[1] AMF_UE_NGAP_ID[1] TAC[1] CellID[0x10] (../src/amf/ngap-handler.c:497)
06/02 20:47:02.037: [amf] INFO: [suci-0-001-01-0000-0-0-1234567895] Unknown UE by SUCI (../src/amf/context.c:1390)
06/02 20:47:02.037: [amf] INFO: [Added] Number of AMF-UEs is now 1 (../src/amf/context.c:1189)
06/02 20:47:02.037: [gmm] INFO: Registration request (../src/amf/gmm-sm.c:134)
06/02 20:47:02.038: [gmm] INFO: [suci-0-001-01-0000-0-0-1234567895]    SUCI (../src/amf/gmm-handler.c:157)
06/02 20:47:02.043: [app] WARNING: Try to discover [AUSF] (../lib/sbi/path.c:110)
06/02 20:47:02.048: [amf] INFO: [f407f7fc-2120-41ef-a80b-1bfb9eee0800] (NF-discover) NF registered (../src/amf/nnrf-handler.c:342)
06/02 20:47:02.049: [amf] INFO: [f407f7fc-2120-41ef-a80b-1bfb9eee0800] (NF-discover) NF Profile updated (../src/amf/nnrf-handler.c:402)
06/02 20:47:02.079: [gmm] WARNING: [suci-0-001-01-0000-0-0-1234567895] Cannot find SUCI [404] (../src/amf/gmm-sm.c:649)
06/02 20:47:02.079: [amf] WARNING: [suci-0-001-01-0000-0-0-1234567895] Registration reject [11] (../src/amf/nas-path.c:154)
06/02 20:47:02.361: [amf] INFO: UE Context Release [Action:3] (../src/amf/ngap-handler.c:1398)
06/02 20:47:02.361: [amf] INFO:     RAN_UE_NGAP_ID[1] AMF_UE_NGAP_ID[1] (../src/amf/ngap-handler.c:1399)
06/02 20:47:02.362: [amf] INFO:     SUCI[suci-0-001-01-0000-0-0-1234567895] (../src/amf/ngap-handler.c:1402)
06/02 20:47:02.362: [amf] INFO: [Removed] Number of gNB-UEs is now 0 (../src/amf/context.c:2070)
06/02 20:47:02.362: [amf] INFO: [Removed] Number of AMF-UEs is now 0 (../src/amf/context.c:1273)
06/02 21:47:02.057: [amf] INFO: [f407f7fc-2120-41ef-a80b-1bfb9eee0800] NF expired (../src/amf/nf-sm.c:303)
Open5GS daemon v2.4.4

06/02 22:27:48.606: [app] INFO: Configuration: '/open5gs/install/etc/open5gs/amf.yaml' (../lib/app/ogs-init.c:129)
06/02 22:27:48.606: [app] INFO: File Logging: '/open5gs/install/var/log/open5gs/amf.log' (../lib/app/ogs-init.c:132)
06/02 22:27:48.644: [sbi] INFO: nghttp2_server() [127.0.0.5]:7777 (../lib/sbi/nghttp2-server.c:144)
06/02 22:27:48.663: [amf] INFO: ngap_server() [192.168.0.111]:38412 (../src/amf/ngap-sctp.c:53)
06/02 22:27:48.670: [sctp] INFO: AMF initialize...done (../src/amf/app.c:33)
06/02 22:27:48.752: [amf] INFO: [57775a68-212f-41ef-896c-e7080f91c97d] NF registred [Heartbeat:10s] (../src/amf/nf-sm.c:198)
06/02 22:27:49.247: [amf] INFO: [57afb458-212f-41ef-838a-3beaf9425b66] (NRF-notify) NF registered (../src/amf/nnrf-handler.c:182)
06/02 22:27:49.248: [amf] INFO: [57afb458-212f-41ef-838a-3beaf9425b66] (NRF-notify) NF Profile updated (../src/amf/nnrf-handler.c:201)
06/02 22:28:54.604: [amf] INFO: gNB-N2 accepted[192.168.0.131]:60011 in ng-path module (../src/amf/ngap-sctp.c:105)
06/02 22:28:54.604: [amf] INFO: gNB-N2 accepted[192.168.0.131] in master_sm module (../src/amf/amf-sm.c:619)
06/02 22:28:54.604: [amf] INFO: [GNB] max_num_of_ostreams : 30 (../src/amf/context.c:854)
06/02 22:28:54.604: [amf] INFO: [Added] Number of gNBs is now 1 (../src/amf/context.c:869)
06/02 22:29:55.761: [amf] INFO: InitialUEMessage (../src/amf/ngap-handler.c:361)
06/02 22:29:55.761: [amf] INFO: [Added] Number of gNB-UEs is now 1 (../src/amf/context.c:2064)
06/02 22:29:55.761: [amf] INFO:     RAN_UE_NGAP_ID[1] AMF_UE_NGAP_ID[1] TAC[1] CellID[0x10] (../src/amf/ngap-handler.c:497)
06/02 22:29:55.764: [amf] INFO: [suci-0-001-01-0000-0-0-1234567895] Unknown UE by SUCI (../src/amf/context.c:1390)
06/02 22:29:55.764: [amf] INFO: [Added] Number of AMF-UEs is now 1 (../src/amf/context.c:1189)
06/02 22:29:55.764: [gmm] INFO: Registration request (../src/amf/gmm-sm.c:134)
06/02 22:29:55.764: [gmm] INFO: [suci-0-001-01-0000-0-0-1234567895]    SUCI (../src/amf/gmm-handler.c:157)
06/02 22:29:55.764: [app] WARNING: Try to discover [AUSF] (../lib/sbi/path.c:110)
06/02 22:29:55.767: [amf] INFO: [5766a29a-212f-41ef-92d3-d76c8a797b98] (NF-discover) NF registered (../src/amf/nnrf-handler.c:342)
06/02 22:29:55.768: [amf] INFO: [5766a29a-212f-41ef-92d3-d76c8a797b98] (NF-discover) NF Profile updated (../src/amf/nnrf-handler.c:402)
06/02 22:29:56.006: [gmm] WARNING: Authentication failure(Synch failure) (../src/amf/gmm-sm.c:548)
06/02 22:29:56.517: [app] WARNING: Try to discover [UDM] (../lib/sbi/path.c:110)
06/02 22:29:56.520: [amf] INFO: [576e220e-212f-41ef-a139-8d03fbb17ca2] (NF-discover) NF registered (../src/amf/nnrf-handler.c:342)
06/02 22:29:56.522: [amf] INFO: [576e220e-212f-41ef-a139-8d03fbb17ca2] (NF-discover) NF Profile updated (../src/amf/nnrf-handler.c:402)
06/02 22:29:56.557: [app] WARNING: Try to discover [PCF] (../lib/sbi/path.c:110)
06/02 22:29:56.560: [amf] INFO: [576eaa58-212f-41ef-86c0-8562e6cbc706] (NF-discover) NF registered (../src/amf/nnrf-handler.c:342)
06/02 22:29:56.560: [amf] INFO: [576eaa58-212f-41ef-86c0-8562e6cbc706] (NF-discover) NF Profile updated (../src/amf/nnrf-handler.c:402)
06/02 22:29:57.261: [gmm] INFO: [imsi-001011234567895] Registration complete (../src/amf/gmm-sm.c:1063)
06/02 22:29:57.261: [amf] INFO: [imsi-001011234567895] Configuration update command (../src/amf/nas-path.c:389)
06/02 22:29:57.261: [gmm] INFO:     UTC [2024-06-02T22:29:57] Timezone[0]/DST[0] (../src/amf/gmm-build.c:502)
06/02 22:29:57.261: [gmm] INFO:     LOCAL [2024-06-02T22:29:57] Timezone[0]/DST[0] (../src/amf/gmm-build.c:507)
06/02 22:29:57.262: [amf] INFO: [Added] Number of AMF-Sessions is now 1 (../src/amf/context.c:2076)
06/02 22:29:57.262: [gmm] INFO: UE SUPI[imsi-001011234567895] DNN[internet] S_NSSAI[SST:1 SD:0x1] (../src/amf/gmm-handler.c:1047)
06/02 22:29:57.267: [amf] INFO: [Added] Number of AMF-Sessions is now 2 (../src/amf/context.c:2076)
06/02 22:29:57.267: [gmm] INFO: UE SUPI[imsi-001011234567895] DNN[mec] S_NSSAI[SST:2 SD:0x1] (../src/amf/gmm-handler.c:1047)
06/02 23:29:55.771: [amf] INFO: [5766a29a-212f-41ef-92d3-d76c8a797b98] NF expired (../src/amf/nf-sm.c:303)
06/02 23:29:56.524: [amf] INFO: [576e220e-212f-41ef-a139-8d03fbb17ca2] NF expired (../src/amf/nf-sm.c:303)
06/02 23:29:56.569: [amf] INFO: [576eaa58-212f-41ef-86c0-8562e6cbc706] NF expired (../src/amf/nf-sm.c:303)
Open5GS daemon v2.4.4

06/03 01:06:06.512: [app] INFO: Configuration: '/open5gs/install/etc/open5gs/amf.yaml' (../lib/app/ogs-init.c:129)
06/03 01:06:06.512: [app] INFO: File Logging: '/open5gs/install/var/log/open5gs/amf.log' (../lib/app/ogs-init.c:132)
06/03 01:06:06.539: [sbi] INFO: nghttp2_server() [127.0.0.5]:7777 (../lib/sbi/nghttp2-server.c:144)
06/03 01:06:06.546: [amf] INFO: ngap_server() [192.168.0.111]:38412 (../src/amf/ngap-sctp.c:53)
06/03 01:06:06.546: [sctp] INFO: AMF initialize...done (../src/amf/app.c:33)
06/03 01:06:06.552: [amf] INFO: [74a4ff8a-2145-41ef-9424-0d2040b47ee6] NF registred [Heartbeat:10s] (../src/amf/nf-sm.c:198)
06/03 01:06:06.762: [amf] INFO: [7493e86c-2145-41ef-8cc1-efad0ded40f8] (NRF-notify) NF registered (../src/amf/nnrf-handler.c:182)
06/03 01:06:06.762: [amf] INFO: [7493e86c-2145-41ef-8cc1-efad0ded40f8] (NRF-notify) NF Profile updated (../src/amf/nnrf-handler.c:201)
06/03 01:07:11.801: [amf] INFO: gNB-N2 accepted[192.168.0.131]:49553 in ng-path module (../src/amf/ngap-sctp.c:105)
06/03 01:07:11.801: [amf] INFO: gNB-N2 accepted[192.168.0.131] in master_sm module (../src/amf/amf-sm.c:619)
06/03 01:07:11.801: [amf] INFO: [GNB] max_num_of_ostreams : 30 (../src/amf/context.c:854)
06/03 01:07:11.801: [amf] INFO: [Added] Number of gNBs is now 1 (../src/amf/context.c:869)
06/03 01:08:13.004: [amf] INFO: InitialUEMessage (../src/amf/ngap-handler.c:361)
06/03 01:08:13.004: [amf] INFO: [Added] Number of gNB-UEs is now 1 (../src/amf/context.c:2064)
06/03 01:08:13.004: [amf] INFO:     RAN_UE_NGAP_ID[1] AMF_UE_NGAP_ID[1] TAC[1] CellID[0x10] (../src/amf/ngap-handler.c:497)
06/03 01:08:13.005: [amf] INFO: [suci-0-001-01-0000-0-0-1234567895] Unknown UE by SUCI (../src/amf/context.c:1390)
06/03 01:08:13.005: [amf] INFO: [Added] Number of AMF-UEs is now 1 (../src/amf/context.c:1189)
06/03 01:08:13.005: [gmm] INFO: Registration request (../src/amf/gmm-sm.c:134)
06/03 01:08:13.005: [gmm] INFO: [suci-0-001-01-0000-0-0-1234567895]    SUCI (../src/amf/gmm-handler.c:157)
06/03 01:08:13.005: [app] WARNING: Try to discover [AUSF] (../lib/sbi/path.c:110)
06/03 01:08:13.009: [amf] INFO: [749ceb9c-2145-41ef-ac57-3f63f0b55721] (NF-discover) NF registered (../src/amf/nnrf-handler.c:342)
06/03 01:08:13.009: [amf] INFO: [749ceb9c-2145-41ef-ac57-3f63f0b55721] (NF-discover) NF Profile updated (../src/amf/nnrf-handler.c:402)
06/03 01:08:13.366: [app] WARNING: Try to discover [UDM] (../lib/sbi/path.c:110)
06/03 01:08:13.370: [amf] INFO: [747789ce-2145-41ef-8aa3-e5600c86285c] (NF-discover) NF registered (../src/amf/nnrf-handler.c:342)
06/03 01:08:13.370: [amf] INFO: [747789ce-2145-41ef-8aa3-e5600c86285c] (NF-discover) NF Profile updated (../src/amf/nnrf-handler.c:402)
06/03 01:08:13.384: [app] WARNING: Try to discover [PCF] (../lib/sbi/path.c:110)
06/03 01:08:13.385: [amf] INFO: [749deee8-2145-41ef-bd0d-375f3484a53f] (NF-discover) NF registered (../src/amf/nnrf-handler.c:342)
06/03 01:08:13.388: [amf] INFO: [749deee8-2145-41ef-bd0d-375f3484a53f] (NF-discover) NF Profile updated (../src/amf/nnrf-handler.c:402)
06/03 01:08:13.938: [gmm] INFO: [imsi-001011234567895] Registration complete (../src/amf/gmm-sm.c:1063)
06/03 01:08:13.938: [amf] INFO: [imsi-001011234567895] Configuration update command (../src/amf/nas-path.c:389)
06/03 01:08:13.938: [gmm] INFO:     UTC [2024-06-03T01:08:13] Timezone[0]/DST[0] (../src/amf/gmm-build.c:502)
06/03 01:08:13.938: [gmm] INFO:     LOCAL [2024-06-03T01:08:13] Timezone[0]/DST[0] (../src/amf/gmm-build.c:507)
06/03 01:08:13.938: [amf] INFO: [Added] Number of AMF-Sessions is now 1 (../src/amf/context.c:2076)
06/03 01:08:13.938: [gmm] INFO: UE SUPI[imsi-001011234567895] DNN[internet] S_NSSAI[SST:1 SD:0x1] (../src/amf/gmm-handler.c:1047)
06/03 01:08:13.948: [amf] INFO: [Added] Number of AMF-Sessions is now 2 (../src/amf/context.c:2076)
06/03 01:08:13.948: [gmm] INFO: UE SUPI[imsi-001011234567895] DNN[mec] S_NSSAI[SST:2 SD:0x1] (../src/amf/gmm-handler.c:1047)
Open5GS daemon v2.4.4

06/03 01:57:59.043: [app] INFO: Configuration: '/open5gs/install/etc/open5gs/amf.yaml' (../lib/app/ogs-init.c:129)
06/03 01:57:59.043: [app] INFO: File Logging: '/open5gs/install/var/log/open5gs/amf.log' (../lib/app/ogs-init.c:132)
06/03 01:57:59.061: [sbi] INFO: nghttp2_server() [127.0.0.5]:7777 (../lib/sbi/nghttp2-server.c:144)
06/03 01:57:59.064: [amf] INFO: ngap_server() [192.168.0.111]:38412 (../src/amf/ngap-sctp.c:53)
06/03 01:57:59.064: [sctp] INFO: AMF initialize...done (../src/amf/app.c:33)
06/03 01:57:59.098: [amf] INFO: [b3dab10c-214c-41ef-8171-257e55698f76] NF registred [Heartbeat:10s] (../src/amf/nf-sm.c:198)
06/03 01:57:59.136: [amf] INFO: [b3daa4fa-214c-41ef-8f7d-11d5ab0347c2] (NRF-notify) NF registered (../src/amf/nnrf-handler.c:182)
06/03 01:57:59.137: [amf] INFO: [b3daa4fa-214c-41ef-8f7d-11d5ab0347c2] (NRF-notify) NF Profile updated (../src/amf/nnrf-handler.c:201)
06/03 01:57:59.652: [amf] INFO: [b41c6660-214c-41ef-adb8-13854c9262ca] (NRF-notify) NF registered (../src/amf/nnrf-handler.c:182)
06/03 01:57:59.652: [amf] INFO: [b41c6660-214c-41ef-adb8-13854c9262ca] (NRF-notify) NF Profile updated (../src/amf/nnrf-handler.c:201)
06/03 01:59:04.013: [amf] INFO: gNB-N2 accepted[192.168.0.131]:50367 in ng-path module (../src/amf/ngap-sctp.c:105)
06/03 01:59:04.013: [amf] INFO: gNB-N2 accepted[192.168.0.131] in master_sm module (../src/amf/amf-sm.c:619)
06/03 01:59:04.013: [amf] INFO: [GNB] max_num_of_ostreams : 30 (../src/amf/context.c:854)
06/03 01:59:04.013: [amf] INFO: [Added] Number of gNBs is now 1 (../src/amf/context.c:869)
06/03 02:00:05.559: [amf] INFO: InitialUEMessage (../src/amf/ngap-handler.c:361)
06/03 02:00:05.559: [amf] INFO: [Added] Number of gNB-UEs is now 1 (../src/amf/context.c:2064)
06/03 02:00:05.560: [amf] INFO:     RAN_UE_NGAP_ID[1] AMF_UE_NGAP_ID[1] TAC[1] CellID[0x10] (../src/amf/ngap-handler.c:497)
06/03 02:00:05.562: [amf] INFO: [suci-0-001-01-0000-0-0-1234567895] Unknown UE by SUCI (../src/amf/context.c:1390)
06/03 02:00:05.562: [amf] INFO: [Added] Number of AMF-UEs is now 1 (../src/amf/context.c:1189)
06/03 02:00:05.562: [gmm] INFO: Registration request (../src/amf/gmm-sm.c:134)
06/03 02:00:05.562: [gmm] INFO: [suci-0-001-01-0000-0-0-1234567895]    SUCI (../src/amf/gmm-handler.c:157)
06/03 02:00:05.562: [app] WARNING: Try to discover [AUSF] (../lib/sbi/path.c:110)
06/03 02:00:05.566: [amf] INFO: [b3d7ded2-214c-41ef-ae45-2105d82656be] (NF-discover) NF registered (../src/amf/nnrf-handler.c:342)
06/03 02:00:05.566: [amf] INFO: [b3d7ded2-214c-41ef-ae45-2105d82656be] (NF-discover) NF Profile updated (../src/amf/nnrf-handler.c:402)
06/03 02:00:05.901: [app] WARNING: Try to discover [UDM] (../lib/sbi/path.c:110)
06/03 02:00:05.905: [amf] INFO: [b3d872ac-214c-41ef-ad8c-8dec5c50ff7b] (NF-discover) NF registered (../src/amf/nnrf-handler.c:342)
06/03 02:00:05.906: [amf] INFO: [b3d872ac-214c-41ef-ad8c-8dec5c50ff7b] (NF-discover) NF Profile updated (../src/amf/nnrf-handler.c:402)
06/03 02:00:06.422: [gmm] INFO: [imsi-001011234567895] Registration complete (../src/amf/gmm-sm.c:1063)
06/03 02:00:06.422: [amf] INFO: [imsi-001011234567895] Configuration update command (../src/amf/nas-path.c:389)
06/03 02:00:06.423: [gmm] INFO:     UTC [2024-06-03T02:00:06] Timezone[0]/DST[0] (../src/amf/gmm-build.c:502)
06/03 02:00:06.423: [gmm] INFO:     LOCAL [2024-06-03T02:00:06] Timezone[0]/DST[0] (../src/amf/gmm-build.c:507)
06/03 02:00:06.425: [amf] INFO: [Added] Number of AMF-Sessions is now 1 (../src/amf/context.c:2076)
06/03 02:00:06.425: [gmm] INFO: UE SUPI[imsi-001011234567895] DNN[internet] S_NSSAI[SST:1 SD:0x1] (../src/amf/gmm-handler.c:1047)
06/03 02:00:06.434: [amf] INFO: [Added] Number of AMF-Sessions is now 2 (../src/amf/context.c:2076)
06/03 02:00:06.434: [gmm] INFO: UE SUPI[imsi-001011234567895] DNN[mec] S_NSSAI[SST:2 SD:0x1] (../src/amf/gmm-handler.c:1047)
06/03 03:00:05.569: [amf] INFO: [b3d7ded2-214c-41ef-ae45-2105d82656be] NF expired (../src/amf/nf-sm.c:303)
06/03 03:00:05.907: [amf] INFO: [b3d872ac-214c-41ef-ad8c-8dec5c50ff7b] NF expired (../src/amf/nf-sm.c:303)
