Open5GS daemon v2.4.4

01/10 18:17:12.822: [app] INFO: Configuration: '/open5gs/install/etc/open5gs/nrf.yaml' (../lib/app/ogs-init.c:129)
01/10 18:17:12.822: [app] INFO: File Logging: '/open5gs/install/var/log/open5gs/nrf.log' (../lib/app/ogs-init.c:132)
01/10 18:17:12.824: [sbi] INFO: nghttp2_server() [127.0.0.10]:7777 (../lib/sbi/nghttp2-server.c:144)
01/10 18:17:12.824: [app] INFO: NRF initialize...done (../src/nrf/app.c:31)
01/10 18:17:17.852: [nrf] INFO: [7ceea34e-afe4-41ee-9bf9-af46dee871f5] NF registred [Heartbeat:10s] (../src/nrf/nf-sm.c:192)
01/10 18:17:17.905: [nrf] INFO: [7cf4eeca-afe4-41ee-86bd-61c180ae6d86] NF registred [Heartbeat:10s] (../src/nrf/nf-sm.c:192)
01/10 18:17:17.905: [nrf] INFO: [7cf54834-afe4-41ee-96e0-27a408086bb9] NF registred [Heartbeat:10s] (../src/nrf/nf-sm.c:192)
01/10 18:17:17.909: [nrf] INFO: [7cf608d2-afe4-41ee-8f90-a94495329281] NF registred [Heartbeat:10s] (../src/nrf/nf-sm.c:192)
01/10 18:17:17.922: [nrf] INFO: [7cf8f2e0-afe4-41ee-aa62-8b2f26c390d4] NF registred [Heartbeat:10s] (../src/nrf/nf-sm.c:192)
01/10 18:17:17.922: [nrf] INFO: [7cf956fe-afe4-41ee-8e9a-1dd6f72911a9] NF registred [Heartbeat:10s] (../src/nrf/nf-sm.c:192)
Open5GS daemon v2.4.4

01/10 19:14:00.437: [app] INFO: Configuration: '/open5gs/install/etc/open5gs/nrf.yaml' (../lib/app/ogs-init.c:129)
01/10 19:14:00.437: [app] INFO: File Logging: '/open5gs/install/var/log/open5gs/nrf.log' (../lib/app/ogs-init.c:132)
01/10 19:14:00.437: [sbi] INFO: nghttp2_server() [127.0.0.10]:7777 (../lib/sbi/nghttp2-server.c:144)
01/10 19:14:00.437: [app] INFO: NRF initialize...done (../src/nrf/app.c:31)
01/10 19:14:05.464: [nrf] INFO: [6c074808-afec-41ee-9337-cbd8c6fd8f91] NF registred [Heartbeat:10s] (../src/nrf/nf-sm.c:192)
01/10 19:14:05.470: [nrf] INFO: [6c0799b6-afec-41ee-a29a-f55d860a1f17] NF registred [Heartbeat:10s] (../src/nrf/nf-sm.c:192)
01/10 19:14:05.476: [nrf] INFO: [6c07bc02-afec-41ee-8be0-178c6286c2db] NF registred [Heartbeat:10s] (../src/nrf/nf-sm.c:192)
01/10 19:14:05.476: [nrf] INFO: [6c076126-afec-41ee-98e2-87050104fb11] NF registred [Heartbeat:10s] (../src/nrf/nf-sm.c:192)
01/10 19:14:05.479: [nrf] INFO: [6c09498c-afec-41ee-8298-23699ee37802] NF registred [Heartbeat:10s] (../src/nrf/nf-sm.c:192)
01/10 19:14:05.481: [nrf] INFO: [6c09a918-afec-41ee-8a59-ddb31876bfd0] NF registred [Heartbeat:10s] (../src/nrf/nf-sm.c:192)
Open5GS daemon v2.4.4

01/10 19:54:19.009: [app] INFO: Configuration: '/open5gs/install/etc/open5gs/nrf.yaml' (../lib/app/ogs-init.c:129)
01/10 19:54:19.009: [app] INFO: File Logging: '/open5gs/install/var/log/open5gs/nrf.log' (../lib/app/ogs-init.c:132)
01/10 19:54:19.015: [sbi] INFO: nghttp2_server() [127.0.0.10]:7777 (../lib/sbi/nghttp2-server.c:144)
01/10 19:54:19.015: [app] INFO: NRF initialize...done (../src/nrf/app.c:31)
01/10 19:54:23.981: [nrf] INFO: [0d8f3c12-aff2-41ee-babe-0b85ee96942e] NF registred [Heartbeat:10s] (../src/nrf/nf-sm.c:192)
01/10 19:54:23.986: [nrf] INFO: [0d8f7088-aff2-41ee-a205-53e83fb4e729] NF registred [Heartbeat:10s] (../src/nrf/nf-sm.c:192)
01/10 19:54:23.986: [nrf] INFO: [0d92109a-aff2-41ee-842c-39790dfd3ec0] NF registred [Heartbeat:10s] (../src/nrf/nf-sm.c:192)
01/10 19:54:24.015: [nrf] INFO: [0d97dd86-aff2-41ee-9874-65292b1b28d6] NF registred [Heartbeat:10s] (../src/nrf/nf-sm.c:192)
01/10 19:54:24.021: [nrf] INFO: [0d980dba-aff2-41ee-89df-01e8915b20ab] NF registred [Heartbeat:10s] (../src/nrf/nf-sm.c:192)
01/10 19:54:24.049: [nrf] INFO: [0d9be142-aff2-41ee-9d5f-4f50ef8b7b41] NF registred [Heartbeat:10s] (../src/nrf/nf-sm.c:192)
01/10 20:37:55.908: [nrf] INFO: [2267bb4a-aff8-41ee-a40e-ddf8d089aa9f] NF registred [Heartbeat:10s] (../src/nrf/nf-sm.c:192)
Open5GS daemon v2.4.4

01/10 20:50:24.829: [app] INFO: Configuration: '/open5gs/install/etc/open5gs/nrf.yaml' (../lib/app/ogs-init.c:129)
01/10 20:50:24.829: [app] INFO: File Logging: '/open5gs/install/var/log/open5gs/nrf.log' (../lib/app/ogs-init.c:132)
01/10 20:50:24.832: [sbi] INFO: nghttp2_server() [127.0.0.10]:7777 (../lib/sbi/nghttp2-server.c:144)
01/10 20:50:24.832: [app] INFO: NRF initialize...done (../src/nrf/app.c:31)
01/10 20:51:24.804: [nrf] INFO: [048a0338-affa-41ee-88c4-7bb16d85d99c] NF registred [Heartbeat:10s] (../src/nrf/nf-sm.c:192)
01/10 20:51:24.807: [nrf] INFO: [0489cb70-affa-41ee-bf59-554b661418d4] NF registred [Heartbeat:10s] (../src/nrf/nf-sm.c:192)
01/10 20:51:24.808: [nrf] INFO: [048ae578-affa-41ee-8cf0-b1c50260313d] NF registred [Heartbeat:10s] (../src/nrf/nf-sm.c:192)
01/10 20:51:24.811: [nrf] INFO: [048c6fec-affa-41ee-b9a0-c1116e9fb3af] NF registred [Heartbeat:10s] (../src/nrf/nf-sm.c:192)
01/10 20:51:24.814: [nrf] INFO: [048be4be-affa-41ee-a8b1-c7f144919471] NF registred [Heartbeat:10s] (../src/nrf/nf-sm.c:192)
01/10 20:51:24.816: [nrf] INFO: [048bae22-affa-41ee-887a-0df3cd4d8fad] NF registred [Heartbeat:10s] (../src/nrf/nf-sm.c:192)
01/10 20:51:24.818: [nrf] INFO: [048bae40-affa-41ee-b314-c70d1751492b] NF registred [Heartbeat:10s] (../src/nrf/nf-sm.c:192)
01/10 20:51:24.935: [nrf] INFO: [048fbe7c-affa-41ee-a048-cb472cd5703c] NF registred [Heartbeat:10s] (../src/nrf/nf-sm.c:192)
Open5GS daemon v2.4.4

01/10 20:58:28.804: [app] INFO: Configuration: '/open5gs/install/etc/open5gs/nrf.yaml' (../lib/app/ogs-init.c:129)
01/10 20:58:28.804: [app] INFO: File Logging: '/open5gs/install/var/log/open5gs/nrf.log' (../lib/app/ogs-init.c:132)
01/10 20:58:28.808: [sbi] INFO: nghttp2_server() [127.0.0.10]:7777 (../lib/sbi/nghttp2-server.c:144)
01/10 20:58:28.808: [app] INFO: NRF initialize...done (../src/nrf/app.c:31)
01/10 20:59:28.759: [nrf] INFO: [25009bf8-affb-41ee-a835-3d4e3c74369b] NF registred [Heartbeat:10s] (../src/nrf/nf-sm.c:192)
01/10 20:59:28.762: [nrf] INFO: [2500e89c-affb-41ee-982b-0971cda1d49a] NF registred [Heartbeat:10s] (../src/nrf/nf-sm.c:192)
01/10 20:59:28.762: [nrf] INFO: [25014936-affb-41ee-a478-250d3988d789] NF registred [Heartbeat:10s] (../src/nrf/nf-sm.c:192)
01/10 20:59:28.769: [nrf] INFO: [2501f638-affb-41ee-a83c-8373c904b66d] NF registred [Heartbeat:10s] (../src/nrf/nf-sm.c:192)
01/10 20:59:28.773: [nrf] INFO: [250342ae-affb-41ee-a9b6-6b324cb21f9e] NF registred [Heartbeat:10s] (../src/nrf/nf-sm.c:192)
01/10 20:59:28.773: [nrf] INFO: [250203a8-affb-41ee-8087-5130efb3c149] NF registred [Heartbeat:10s] (../src/nrf/nf-sm.c:192)
01/10 20:59:28.779: [nrf] INFO: [2500e374-affb-41ee-9068-d7d3ceb3afde] NF registred [Heartbeat:10s] (../src/nrf/nf-sm.c:192)
01/10 20:59:28.861: [nrf] INFO: [25069f6c-affb-41ee-8fd0-2b0e5b1d90a7] NF registred [Heartbeat:10s] (../src/nrf/nf-sm.c:192)
Open5GS daemon v2.4.4

04/23 18:54:16.310: [app] INFO: Configuration: '/open5gs/install/etc/open5gs/nrf.yaml' (../lib/app/ogs-init.c:129)
04/23 18:54:16.310: [app] INFO: File Logging: '/open5gs/install/var/log/open5gs/nrf.log' (../lib/app/ogs-init.c:132)
04/23 18:54:16.320: [sbi] INFO: nghttp2_server() [127.0.0.10]:7777 (../lib/sbi/nghttp2-server.c:144)
04/23 18:54:16.320: [app] INFO: NRF initialize...done (../src/nrf/app.c:31)
04/23 18:55:16.111: [nrf] INFO: [05d67e92-01a3-41ef-b2ec-71c6ba229000] NF registred [Heartbeat:10s] (../src/nrf/nf-sm.c:192)
04/23 18:55:16.121: [nrf] INFO: [05d4b4ea-01a3-41ef-bf0c-d901331cf730] NF registred [Heartbeat:10s] (../src/nrf/nf-sm.c:192)
04/23 18:55:16.135: [nrf] INFO: [05da3046-01a3-41ef-b578-314168744c80] NF registred [Heartbeat:10s] (../src/nrf/nf-sm.c:192)
04/23 18:55:16.150: [nrf] INFO: [05d8a14a-01a3-41ef-b6df-ff505050c601] NF registred [Heartbeat:10s] (../src/nrf/nf-sm.c:192)
04/23 18:55:16.152: [nrf] INFO: [05da7a6a-01a3-41ef-931b-cd6844a4c1f0] NF registred [Heartbeat:10s] (../src/nrf/nf-sm.c:192)
04/23 18:55:16.165: [nrf] INFO: [05df4dc4-01a3-41ef-93ee-fdd357cd00a0] NF registred [Heartbeat:10s] (../src/nrf/nf-sm.c:192)
04/23 18:55:16.177: [nrf] INFO: [05dec1d8-01a3-41ef-8a9a-4b71a23a5788] NF registred [Heartbeat:10s] (../src/nrf/nf-sm.c:192)
04/23 18:55:16.301: [nrf] INFO: [05e58022-01a3-41ef-ae77-adc34e9b0595] NF registred [Heartbeat:10s] (../src/nrf/nf-sm.c:192)
Open5GS daemon v2.4.4

06/02 20:43:49.565: [app] INFO: Configuration: '/open5gs/install/etc/open5gs/nrf.yaml' (../lib/app/ogs-init.c:129)
06/02 20:43:49.567: [app] INFO: File Logging: '/open5gs/install/var/log/open5gs/nrf.log' (../lib/app/ogs-init.c:132)
06/02 20:43:49.619: [sbi] INFO: nghttp2_server() [127.0.0.10]:7777 (../lib/sbi/nghttp2-server.c:144)
06/02 20:43:49.621: [app] INFO: NRF initialize...done (../src/nrf/app.c:31)
06/02 20:44:48.710: [nrf] INFO: [f3d4f546-2120-41ef-a4b5-d53119ce2184] NF registred [Heartbeat:10s] (../src/nrf/nf-sm.c:192)
06/02 20:44:48.921: [nrf] INFO: [f40a6942-2120-41ef-bdbc-f73cd370451e] NF registred [Heartbeat:10s] (../src/nrf/nf-sm.c:192)
06/02 20:44:48.923: [nrf] INFO: [f407f7fc-2120-41ef-a80b-1bfb9eee0800] NF registred [Heartbeat:10s] (../src/nrf/nf-sm.c:192)
06/02 20:44:48.938: [nrf] INFO: [f40b2c06-2120-41ef-af45-ebdfae250fc1] NF registred [Heartbeat:10s] (../src/nrf/nf-sm.c:192)
06/02 20:44:49.045: [nrf] INFO: [f4154bc8-2120-41ef-80b7-dd07933ef701] NF registred [Heartbeat:10s] (../src/nrf/nf-sm.c:192)
06/02 20:44:49.061: [nrf] INFO: [f41c2984-2120-41ef-bbd2-750a27d6432d] NF registred [Heartbeat:10s] (../src/nrf/nf-sm.c:192)
06/02 20:44:49.188: [nrf] INFO: [f42f5c98-2120-41ef-a633-2d146d204f0d] NF registred [Heartbeat:10s] (../src/nrf/nf-sm.c:192)
06/02 20:44:49.766: [nrf] INFO: [f460c436-2120-41ef-bf15-13a97362ad49] NF registred [Heartbeat:10s] (../src/nrf/nf-sm.c:192)
Open5GS daemon v2.4.4

06/02 22:25:48.534: [app] INFO: Configuration: '/open5gs/install/etc/open5gs/nrf.yaml' (../lib/app/ogs-init.c:129)
06/02 22:25:48.558: [app] INFO: File Logging: '/open5gs/install/var/log/open5gs/nrf.log' (../lib/app/ogs-init.c:132)
06/02 22:25:48.563: [sbi] INFO: nghttp2_server() [127.0.0.10]:7777 (../lib/sbi/nghttp2-server.c:144)
06/02 22:25:48.564: [app] INFO: NRF initialize...done (../src/nrf/app.c:31)
06/02 22:27:48.566: [nrf] INFO: [5766a29a-212f-41ef-92d3-d76c8a797b98] NF registred [Heartbeat:10s] (../src/nrf/nf-sm.c:192)
06/02 22:27:48.605: [nrf] INFO: [576e34f6-212f-41ef-b6e6-c55ab6c2ee31] NF registred [Heartbeat:10s] (../src/nrf/nf-sm.c:192)
06/02 22:27:48.619: [nrf] INFO: [576e220e-212f-41ef-a139-8d03fbb17ca2] NF registred [Heartbeat:10s] (../src/nrf/nf-sm.c:192)
06/02 22:27:48.662: [nrf] INFO: [576eaa58-212f-41ef-86c0-8562e6cbc706] NF registred [Heartbeat:10s] (../src/nrf/nf-sm.c:192)
06/02 22:27:48.669: [nrf] INFO: [576f7672-212f-41ef-bb70-1bfdc9700517] NF registred [Heartbeat:10s] (../src/nrf/nf-sm.c:192)
06/02 22:27:48.750: [nrf] INFO: [57775a68-212f-41ef-896c-e7080f91c97d] NF registred [Heartbeat:10s] (../src/nrf/nf-sm.c:192)
06/02 22:27:48.781: [nrf] INFO: [578a74fe-212f-41ef-89df-6f3e6a4ab5c3] NF registred [Heartbeat:10s] (../src/nrf/nf-sm.c:192)
06/02 22:27:49.241: [nrf] INFO: [57afb458-212f-41ef-838a-3beaf9425b66] NF registred [Heartbeat:10s] (../src/nrf/nf-sm.c:192)
Open5GS daemon v2.4.4

06/03 01:04:06.193: [app] INFO: Configuration: '/open5gs/install/etc/open5gs/nrf.yaml' (../lib/app/ogs-init.c:129)
06/03 01:04:06.193: [app] INFO: File Logging: '/open5gs/install/var/log/open5gs/nrf.log' (../lib/app/ogs-init.c:132)
06/03 01:04:06.195: [sbi] INFO: nghttp2_server() [127.0.0.10]:7777 (../lib/sbi/nghttp2-server.c:144)
06/03 01:04:06.208: [app] INFO: NRF initialize...done (../src/nrf/app.c:31)
06/03 01:06:06.271: [nrf] INFO: [747789ce-2145-41ef-8aa3-e5600c86285c] NF registred [Heartbeat:10s] (../src/nrf/nf-sm.c:192)
06/03 01:06:06.365: [nrf] INFO: [7486c6aa-2145-41ef-b1be-476953af6e35] NF registred [Heartbeat:10s] (../src/nrf/nf-sm.c:192)
06/03 01:06:06.479: [nrf] INFO: [749d4ad8-2145-41ef-8254-85819f27fbfd] NF registred [Heartbeat:10s] (../src/nrf/nf-sm.c:192)
06/03 01:06:06.485: [nrf] INFO: [749ceb9c-2145-41ef-ac57-3f63f0b55721] NF registred [Heartbeat:10s] (../src/nrf/nf-sm.c:192)
06/03 01:06:06.512: [nrf] INFO: [749deee8-2145-41ef-bd0d-375f3484a53f] NF registred [Heartbeat:10s] (../src/nrf/nf-sm.c:192)
06/03 01:06:06.523: [nrf] INFO: [74a1736a-2145-41ef-a0f4-adb3acda884b] NF registred [Heartbeat:10s] (../src/nrf/nf-sm.c:192)
06/03 01:06:06.550: [nrf] INFO: [74a4ff8a-2145-41ef-9424-0d2040b47ee6] NF registred [Heartbeat:10s] (../src/nrf/nf-sm.c:192)
06/03 01:06:06.758: [nrf] INFO: [7493e86c-2145-41ef-8cc1-efad0ded40f8] NF registred [Heartbeat:10s] (../src/nrf/nf-sm.c:192)
Open5GS daemon v2.4.4

06/03 01:55:58.936: [app] INFO: Configuration: '/open5gs/install/etc/open5gs/nrf.yaml' (../lib/app/ogs-init.c:129)
06/03 01:55:58.941: [app] INFO: File Logging: '/open5gs/install/var/log/open5gs/nrf.log' (../lib/app/ogs-init.c:132)
06/03 01:55:58.950: [sbi] INFO: nghttp2_server() [127.0.0.10]:7777 (../lib/sbi/nghttp2-server.c:144)
06/03 01:55:58.962: [app] INFO: NRF initialize...done (../src/nrf/app.c:31)
06/03 01:57:59.048: [nrf] INFO: [b3d7413e-214c-41ef-9866-d501900ee0a3] NF registred [Heartbeat:10s] (../src/nrf/nf-sm.c:192)
06/03 01:57:59.057: [nrf] INFO: [b3d7ded2-214c-41ef-ae45-2105d82656be] NF registred [Heartbeat:10s] (../src/nrf/nf-sm.c:192)
06/03 01:57:59.075: [nrf] INFO: [b3d872ac-214c-41ef-ad8c-8dec5c50ff7b] NF registred [Heartbeat:10s] (../src/nrf/nf-sm.c:192)
06/03 01:57:59.084: [nrf] INFO: [b3dab10c-214c-41ef-8171-257e55698f76] NF registred [Heartbeat:10s] (../src/nrf/nf-sm.c:192)
06/03 01:57:59.093: [nrf] INFO: [b3d8d94a-214c-41ef-b943-93e63d5db6b8] NF registred [Heartbeat:10s] (../src/nrf/nf-sm.c:192)
06/03 01:57:59.116: [nrf] INFO: [b3dc6ccc-214c-41ef-ab46-5d304c501b96] NF registred [Heartbeat:10s] (../src/nrf/nf-sm.c:192)
06/03 01:57:59.129: [nrf] INFO: [b3daa4fa-214c-41ef-8f7d-11d5ab0347c2] NF registred [Heartbeat:10s] (../src/nrf/nf-sm.c:192)
06/03 01:57:59.649: [nrf] INFO: [b41c6660-214c-41ef-adb8-13854c9262ca] NF registred [Heartbeat:10s] (../src/nrf/nf-sm.c:192)
