Open5GS daemon v2.4.4

01/10 18:17:17.889: [app] INFO: Configuration: '/open5gs/install/etc/open5gs/nssf.yaml' (../lib/app/ogs-init.c:129)
01/10 18:17:17.889: [app] INFO: File Logging: '/open5gs/install/var/log/open5gs/nssf.log' (../lib/app/ogs-init.c:132)
01/10 18:17:17.891: [sbi] INFO: nghttp2_server() [127.0.0.14]:7777 (../lib/sbi/nghttp2-server.c:144)
01/10 18:17:17.900: [app] INFO: NSSF initialize...done (../src/nssf/app.c:31)
01/10 18:17:17.906: [nssf] INFO: [7cf4eeca-afe4-41ee-86bd-61c180ae6d86] NF registred [Heartbeat:10s] (../src/nssf/nf-sm.c:198)
Open5GS daemon v2.4.4

01/10 19:14:05.462: [app] INFO: Configuration: '/open5gs/install/etc/open5gs/nssf.yaml' (../lib/app/ogs-init.c:129)
01/10 19:14:05.462: [app] INFO: File Logging: '/open5gs/install/var/log/open5gs/nssf.log' (../lib/app/ogs-init.c:132)
01/10 19:14:05.463: [sbi] INFO: nghttp2_server() [127.0.0.14]:7777 (../lib/sbi/nghttp2-server.c:144)
01/10 19:14:05.476: [app] INFO: NSSF initialize...done (../src/nssf/app.c:31)
01/10 19:14:05.477: [nssf] INFO: [6c076126-afec-41ee-98e2-87050104fb11] NF registred [Heartbeat:10s] (../src/nssf/nf-sm.c:198)
Open5GS daemon v2.4.4

01/10 19:54:23.950: [app] INFO: Configuration: '/open5gs/install/etc/open5gs/nssf.yaml' (../lib/app/ogs-init.c:129)
01/10 19:54:23.950: [app] INFO: File Logging: '/open5gs/install/var/log/open5gs/nssf.log' (../lib/app/ogs-init.c:132)
01/10 19:54:23.951: [sbi] INFO: nghttp2_server() [127.0.0.14]:7777 (../lib/sbi/nghttp2-server.c:144)
01/10 19:54:23.980: [app] INFO: NSSF initialize...done (../src/nssf/app.c:31)
01/10 19:54:23.987: [nssf] INFO: [0d8f7088-aff2-41ee-a205-53e83fb4e729] NF registred [Heartbeat:10s] (../src/nssf/nf-sm.c:198)
Open5GS daemon v2.4.4

01/10 20:51:24.789: [app] INFO: Configuration: '/open5gs/install/etc/open5gs/nssf.yaml' (../lib/app/ogs-init.c:129)
01/10 20:51:24.789: [app] INFO: File Logging: '/open5gs/install/var/log/open5gs/nssf.log' (../lib/app/ogs-init.c:132)
01/10 20:51:24.794: [sbi] INFO: nghttp2_server() [127.0.0.14]:7777 (../lib/sbi/nghttp2-server.c:144)
01/10 20:51:24.803: [app] INFO: NSSF initialize...done (../src/nssf/app.c:31)
01/10 20:51:24.808: [nssf] INFO: [048a0338-affa-41ee-88c4-7bb16d85d99c] NF registred [Heartbeat:10s] (../src/nssf/nf-sm.c:198)
Open5GS daemon v2.4.4

01/10 20:59:28.753: [app] INFO: Configuration: '/open5gs/install/etc/open5gs/nssf.yaml' (../lib/app/ogs-init.c:129)
01/10 20:59:28.753: [app] INFO: File Logging: '/open5gs/install/var/log/open5gs/nssf.log' (../lib/app/ogs-init.c:132)
01/10 20:59:28.755: [sbi] INFO: nghttp2_server() [127.0.0.14]:7777 (../lib/sbi/nghttp2-server.c:144)
01/10 20:59:28.759: [app] INFO: NSSF initialize...done (../src/nssf/app.c:31)
01/10 20:59:28.763: [nssf] INFO: [25014936-affb-41ee-a478-250d3988d789] NF registred [Heartbeat:10s] (../src/nssf/nf-sm.c:198)
Open5GS daemon v2.4.4

04/23 18:55:16.094: [app] INFO: Configuration: '/open5gs/install/etc/open5gs/nssf.yaml' (../lib/app/ogs-init.c:129)
04/23 18:55:16.095: [app] INFO: File Logging: '/open5gs/install/var/log/open5gs/nssf.log' (../lib/app/ogs-init.c:132)
04/23 18:55:16.103: [sbi] INFO: nghttp2_server() [127.0.0.14]:7777 (../lib/sbi/nghttp2-server.c:144)
04/23 18:55:16.112: [app] INFO: NSSF initialize...done (../src/nssf/app.c:31)
04/23 18:55:16.123: [nssf] INFO: [05d67e92-01a3-41ef-b2ec-71c6ba229000] NF registred [Heartbeat:10s] (../src/nssf/nf-sm.c:198)
Open5GS daemon v2.4.4

06/02 20:44:48.847: [app] INFO: Configuration: '/open5gs/install/etc/open5gs/nssf.yaml' (../lib/app/ogs-init.c:129)
06/02 20:44:48.848: [app] INFO: File Logging: '/open5gs/install/var/log/open5gs/nssf.log' (../lib/app/ogs-init.c:132)
06/02 20:44:48.888: [sbi] INFO: nghttp2_server() [127.0.0.14]:7777 (../lib/sbi/nghttp2-server.c:144)
06/02 20:44:48.921: [app] INFO: NSSF initialize...done (../src/nssf/app.c:31)
06/02 20:44:48.958: [nssf] INFO: [f40b2c06-2120-41ef-af45-ebdfae250fc1] NF registred [Heartbeat:10s] (../src/nssf/nf-sm.c:198)
Open5GS daemon v2.4.4

06/02 22:27:48.524: [app] INFO: Configuration: '/open5gs/install/etc/open5gs/nssf.yaml' (../lib/app/ogs-init.c:129)
06/02 22:27:48.524: [app] INFO: File Logging: '/open5gs/install/var/log/open5gs/nssf.log' (../lib/app/ogs-init.c:132)
06/02 22:27:48.603: [sbi] INFO: nghttp2_server() [127.0.0.14]:7777 (../lib/sbi/nghttp2-server.c:144)
06/02 22:27:48.644: [app] INFO: NSSF initialize...done (../src/nssf/app.c:31)
06/02 22:27:48.683: [nssf] INFO: [576f7672-212f-41ef-bb70-1bfdc9700517] NF registred [Heartbeat:10s] (../src/nssf/nf-sm.c:198)
Open5GS daemon v2.4.4

06/03 01:06:06.465: [app] INFO: Configuration: '/open5gs/install/etc/open5gs/nssf.yaml' (../lib/app/ogs-init.c:129)
06/03 01:06:06.465: [app] INFO: File Logging: '/open5gs/install/var/log/open5gs/nssf.log' (../lib/app/ogs-init.c:132)
06/03 01:06:06.470: [sbi] INFO: nghttp2_server() [127.0.0.14]:7777 (../lib/sbi/nghttp2-server.c:144)
06/03 01:06:06.480: [app] INFO: NSSF initialize...done (../src/nssf/app.c:31)
06/03 01:06:06.484: [nssf] INFO: [749d4ad8-2145-41ef-8254-85819f27fbfd] NF registred [Heartbeat:10s] (../src/nssf/nf-sm.c:198)
Open5GS daemon v2.4.4

06/03 01:57:59.020: [app] INFO: Configuration: '/open5gs/install/etc/open5gs/nssf.yaml' (../lib/app/ogs-init.c:129)
06/03 01:57:59.020: [app] INFO: File Logging: '/open5gs/install/var/log/open5gs/nssf.log' (../lib/app/ogs-init.c:132)
06/03 01:57:59.025: [sbi] INFO: nghttp2_server() [127.0.0.14]:7777 (../lib/sbi/nghttp2-server.c:144)
06/03 01:57:59.043: [app] INFO: NSSF initialize...done (../src/nssf/app.c:31)
06/03 01:57:59.076: [nssf] INFO: [b3d7413e-214c-41ef-9866-d501900ee0a3] NF registred [Heartbeat:10s] (../src/nssf/nf-sm.c:198)
