Open5GS daemon v2.4.4

01/10 18:17:17.913: [app] INFO: Configuration: '/open5gs/install/etc/open5gs/pcf.yaml' (../lib/app/ogs-init.c:129)
01/10 18:17:17.913: [app] INFO: File Logging: '/open5gs/install/var/log/open5gs/pcf.log' (../lib/app/ogs-init.c:132)
01/10 18:17:17.920: [dbi] INFO: MongoDB URI: 'mongodb://localhost/open5gs' (../lib/dbi/ogs-mongoc.c:130)
01/10 18:17:17.920: [sbi] INFO: nghttp2_server() [127.0.0.13]:7777 (../lib/sbi/nghttp2-server.c:144)
01/10 18:17:17.921: [app] INFO: PCF initialize...done (../src/pcf/app.c:31)
01/10 18:17:17.923: [pcf] INFO: [7cf8f2e0-afe4-41ee-aa62-8b2f26c390d4] NF registred [Heartbeat:10s] (../src/pcf/nf-sm.c:198)
Open5GS daemon v2.4.4

01/10 19:14:05.476: [app] INFO: Configuration: '/open5gs/install/etc/open5gs/pcf.yaml' (../lib/app/ogs-init.c:129)
01/10 19:14:05.476: [app] INFO: File Logging: '/open5gs/install/var/log/open5gs/pcf.log' (../lib/app/ogs-init.c:132)
01/10 19:14:05.481: [dbi] INFO: MongoDB URI: 'mongodb://localhost/open5gs' (../lib/dbi/ogs-mongoc.c:130)
01/10 19:14:05.481: [sbi] INFO: nghttp2_server() [127.0.0.13]:7777 (../lib/sbi/nghttp2-server.c:144)
01/10 19:14:05.481: [app] INFO: PCF initialize...done (../src/pcf/app.c:31)
01/10 19:14:05.482: [pcf] INFO: [6c09a918-afec-41ee-8a59-ddb31876bfd0] NF registred [Heartbeat:10s] (../src/pcf/nf-sm.c:198)
Open5GS daemon v2.4.4

01/10 19:54:24.031: [app] INFO: Configuration: '/open5gs/install/etc/open5gs/pcf.yaml' (../lib/app/ogs-init.c:129)
01/10 19:54:24.031: [app] INFO: File Logging: '/open5gs/install/var/log/open5gs/pcf.log' (../lib/app/ogs-init.c:132)
01/10 19:54:24.047: [dbi] INFO: MongoDB URI: 'mongodb://localhost/open5gs' (../lib/dbi/ogs-mongoc.c:130)
01/10 19:54:24.047: [sbi] INFO: nghttp2_server() [127.0.0.13]:7777 (../lib/sbi/nghttp2-server.c:144)
01/10 19:54:24.047: [app] INFO: PCF initialize...done (../src/pcf/app.c:31)
01/10 19:54:24.050: [pcf] INFO: [0d9be142-aff2-41ee-9d5f-4f50ef8b7b41] NF registred [Heartbeat:10s] (../src/pcf/nf-sm.c:198)
Open5GS daemon v2.4.4

01/10 20:51:24.801: [app] INFO: Configuration: '/open5gs/install/etc/open5gs/pcf.yaml' (../lib/app/ogs-init.c:129)
01/10 20:51:24.801: [app] INFO: File Logging: '/open5gs/install/var/log/open5gs/pcf.log' (../lib/app/ogs-init.c:132)
01/10 20:51:24.812: [dbi] INFO: MongoDB URI: 'mongodb://localhost/open5gs' (../lib/dbi/ogs-mongoc.c:130)
01/10 20:51:24.812: [sbi] INFO: nghttp2_server() [127.0.0.13]:7777 (../lib/sbi/nghttp2-server.c:144)
01/10 20:51:24.814: [app] INFO: PCF initialize...done (../src/pcf/app.c:31)
01/10 20:51:24.815: [pcf] INFO: [048be4be-affa-41ee-a8b1-c7f144919471] NF registred [Heartbeat:10s] (../src/pcf/nf-sm.c:198)
01/10 20:51:24.818: [pcf] INFO: [048bae22-affa-41ee-887a-0df3cd4d8fad] (NRF-notify) NF registered (../src/pcf/nnrf-handler.c:180)
01/10 20:51:24.818: [pcf] INFO: [048bae22-affa-41ee-887a-0df3cd4d8fad] (NRF-notify) NF Profile updated (../src/pcf/nnrf-handler.c:199)
Open5GS daemon v2.4.4

01/10 20:59:28.767: [app] INFO: Configuration: '/open5gs/install/etc/open5gs/pcf.yaml' (../lib/app/ogs-init.c:129)
01/10 20:59:28.767: [app] INFO: File Logging: '/open5gs/install/var/log/open5gs/pcf.log' (../lib/app/ogs-init.c:132)
01/10 20:59:28.771: [dbi] INFO: MongoDB URI: 'mongodb://localhost/open5gs' (../lib/dbi/ogs-mongoc.c:130)
01/10 20:59:28.772: [sbi] INFO: nghttp2_server() [127.0.0.13]:7777 (../lib/sbi/nghttp2-server.c:144)
01/10 20:59:28.772: [app] INFO: PCF initialize...done (../src/pcf/app.c:31)
01/10 20:59:28.774: [pcf] INFO: [250342ae-affb-41ee-a9b6-6b324cb21f9e] NF registred [Heartbeat:10s] (../src/pcf/nf-sm.c:198)
01/10 21:01:36.333: [app] WARNING: Try to discover [UDR] (../lib/sbi/path.c:110)
01/10 21:01:36.334: [pcf] INFO: [250203a8-affb-41ee-8087-5130efb3c149] (NF-discover) NF registered (../src/pcf/nnrf-handler.c:286)
01/10 21:01:36.335: [pcf] INFO: [250203a8-affb-41ee-8087-5130efb3c149] (NF-discover) NF Profile updated (../src/pcf/nnrf-handler.c:346)
01/10 21:01:36.907: [app] WARNING: Try to discover [BSF] (../lib/sbi/path.c:110)
01/10 21:01:36.908: [app] WARNING: Try to discover [BSF] (../lib/sbi/path.c:110)
01/10 21:01:36.910: [pcf] INFO: [2501f638-affb-41ee-a83c-8373c904b66d] (NF-discover) NF registered (../src/pcf/nnrf-handler.c:286)
01/10 21:01:36.910: [pcf] INFO: [2501f638-affb-41ee-a83c-8373c904b66d] (NF-discover) NF Profile updated (../src/pcf/nnrf-handler.c:346)
01/10 21:01:36.911: [pcf] WARNING: [2501f638-affb-41ee-a83c-8373c904b66d] (NF-discover) NF has already been added (../src/pcf/nnrf-handler.c:291)
01/10 21:01:36.911: [pcf] INFO: [2501f638-affb-41ee-a83c-8373c904b66d] (NF-discover) NF Profile updated (../src/pcf/nnrf-handler.c:346)
01/10 22:01:36.337: [pcf] INFO: [250203a8-affb-41ee-8087-5130efb3c149] NF expired (../src/pcf/nf-sm.c:294)
01/10 22:01:36.913: [pcf] INFO: [2501f638-affb-41ee-a83c-8373c904b66d] NF expired (../src/pcf/nf-sm.c:294)
Open5GS daemon v2.4.4

04/23 18:55:16.156: [app] INFO: Configuration: '/open5gs/install/etc/open5gs/pcf.yaml' (../lib/app/ogs-init.c:129)
04/23 18:55:16.156: [app] INFO: File Logging: '/open5gs/install/var/log/open5gs/pcf.log' (../lib/app/ogs-init.c:132)
04/23 18:55:16.162: [dbi] INFO: MongoDB URI: 'mongodb://localhost/open5gs' (../lib/dbi/ogs-mongoc.c:130)
04/23 18:55:16.163: [sbi] INFO: nghttp2_server() [127.0.0.13]:7777 (../lib/sbi/nghttp2-server.c:144)
04/23 18:55:16.163: [app] INFO: PCF initialize...done (../src/pcf/app.c:31)
04/23 18:55:16.165: [pcf] INFO: [05df4dc4-01a3-41ef-93ee-fdd357cd00a0] NF registred [Heartbeat:10s] (../src/pcf/nf-sm.c:198)
Open5GS daemon v2.4.4

06/02 20:44:48.975: [app] INFO: Configuration: '/open5gs/install/etc/open5gs/pcf.yaml' (../lib/app/ogs-init.c:129)
06/02 20:44:48.976: [app] INFO: File Logging: '/open5gs/install/var/log/open5gs/pcf.log' (../lib/app/ogs-init.c:132)
06/02 20:44:49.029: [dbi] INFO: MongoDB URI: 'mongodb://localhost/open5gs' (../lib/dbi/ogs-mongoc.c:130)
06/02 20:44:49.031: [sbi] INFO: nghttp2_server() [127.0.0.13]:7777 (../lib/sbi/nghttp2-server.c:144)
06/02 20:44:49.040: [app] INFO: PCF initialize...done (../src/pcf/app.c:31)
06/02 20:44:49.064: [pcf] INFO: [f41c2984-2120-41ef-bbd2-750a27d6432d] NF registred [Heartbeat:10s] (../src/pcf/nf-sm.c:198)
Open5GS daemon v2.4.4

06/02 22:27:48.571: [app] INFO: Configuration: '/open5gs/install/etc/open5gs/pcf.yaml' (../lib/app/ogs-init.c:129)
06/02 22:27:48.574: [app] INFO: File Logging: '/open5gs/install/var/log/open5gs/pcf.log' (../lib/app/ogs-init.c:132)
06/02 22:27:48.613: [dbi] INFO: MongoDB URI: 'mongodb://localhost/open5gs' (../lib/dbi/ogs-mongoc.c:130)
06/02 22:27:48.613: [sbi] INFO: nghttp2_server() [127.0.0.13]:7777 (../lib/sbi/nghttp2-server.c:144)
06/02 22:27:48.628: [app] INFO: PCF initialize...done (../src/pcf/app.c:31)
06/02 22:27:48.673: [pcf] INFO: [576eaa58-212f-41ef-86c0-8562e6cbc706] NF registred [Heartbeat:10s] (../src/pcf/nf-sm.c:198)
06/02 22:27:48.785: [pcf] INFO: [578a74fe-212f-41ef-89df-6f3e6a4ab5c3] (NRF-notify) NF registered (../src/pcf/nnrf-handler.c:180)
06/02 22:27:48.785: [pcf] INFO: [578a74fe-212f-41ef-89df-6f3e6a4ab5c3] (NRF-notify) NF Profile updated (../src/pcf/nnrf-handler.c:199)
06/02 22:29:57.302: [app] WARNING: Try to discover [BSF] (../lib/sbi/path.c:110)
06/02 22:29:57.302: [app] WARNING: Try to discover [BSF] (../lib/sbi/path.c:110)
06/02 22:29:57.306: [pcf] INFO: [576e34f6-212f-41ef-b6e6-c55ab6c2ee31] (NF-discover) NF registered (../src/pcf/nnrf-handler.c:286)
06/02 22:29:57.306: [pcf] INFO: [576e34f6-212f-41ef-b6e6-c55ab6c2ee31] (NF-discover) NF Profile updated (../src/pcf/nnrf-handler.c:346)
06/02 22:29:57.306: [pcf] WARNING: [576e34f6-212f-41ef-b6e6-c55ab6c2ee31] (NF-discover) NF has already been added (../src/pcf/nnrf-handler.c:291)
06/02 22:29:57.306: [pcf] INFO: [576e34f6-212f-41ef-b6e6-c55ab6c2ee31] (NF-discover) NF Profile updated (../src/pcf/nnrf-handler.c:346)
06/02 23:29:57.312: [pcf] INFO: [576e34f6-212f-41ef-b6e6-c55ab6c2ee31] NF expired (../src/pcf/nf-sm.c:294)
Open5GS daemon v2.4.4

06/03 01:06:06.395: [app] INFO: Configuration: '/open5gs/install/etc/open5gs/pcf.yaml' (../lib/app/ogs-init.c:129)
06/03 01:06:06.395: [app] INFO: File Logging: '/open5gs/install/var/log/open5gs/pcf.log' (../lib/app/ogs-init.c:132)
06/03 01:06:06.494: [dbi] INFO: MongoDB URI: 'mongodb://localhost/open5gs' (../lib/dbi/ogs-mongoc.c:130)
06/03 01:06:06.494: [sbi] INFO: nghttp2_server() [127.0.0.13]:7777 (../lib/sbi/nghttp2-server.c:144)
06/03 01:06:06.512: [app] INFO: PCF initialize...done (../src/pcf/app.c:31)
06/03 01:06:06.515: [pcf] INFO: [749deee8-2145-41ef-bd0d-375f3484a53f] NF registred [Heartbeat:10s] (../src/pcf/nf-sm.c:198)
06/03 01:06:06.532: [pcf] INFO: [74a1736a-2145-41ef-a0f4-adb3acda884b] (NRF-notify) NF registered (../src/pcf/nnrf-handler.c:180)
06/03 01:06:06.532: [pcf] INFO: [74a1736a-2145-41ef-a0f4-adb3acda884b] (NRF-notify) NF Profile updated (../src/pcf/nnrf-handler.c:199)
06/03 01:08:13.976: [app] WARNING: Try to discover [BSF] (../lib/sbi/path.c:110)
06/03 01:08:13.977: [app] WARNING: Try to discover [BSF] (../lib/sbi/path.c:110)
06/03 01:08:13.981: [pcf] INFO: [7486c6aa-2145-41ef-b1be-476953af6e35] (NF-discover) NF registered (../src/pcf/nnrf-handler.c:286)
06/03 01:08:13.981: [pcf] INFO: [7486c6aa-2145-41ef-b1be-476953af6e35] (NF-discover) NF Profile updated (../src/pcf/nnrf-handler.c:346)
06/03 01:08:13.984: [pcf] WARNING: [7486c6aa-2145-41ef-b1be-476953af6e35] (NF-discover) NF has already been added (../src/pcf/nnrf-handler.c:291)
06/03 01:08:13.984: [pcf] INFO: [7486c6aa-2145-41ef-b1be-476953af6e35] (NF-discover) NF Profile updated (../src/pcf/nnrf-handler.c:346)
Open5GS daemon v2.4.4

06/03 01:57:59.040: [app] INFO: Configuration: '/open5gs/install/etc/open5gs/pcf.yaml' (../lib/app/ogs-init.c:129)
06/03 01:57:59.040: [app] INFO: File Logging: '/open5gs/install/var/log/open5gs/pcf.log' (../lib/app/ogs-init.c:132)
06/03 01:57:59.107: [dbi] INFO: MongoDB URI: 'mongodb://localhost/open5gs' (../lib/dbi/ogs-mongoc.c:130)
06/03 01:57:59.107: [sbi] INFO: nghttp2_server() [127.0.0.13]:7777 (../lib/sbi/nghttp2-server.c:144)
06/03 01:57:59.110: [app] INFO: PCF initialize...done (../src/pcf/app.c:31)
06/03 01:57:59.143: [pcf] INFO: [b3daa4fa-214c-41ef-8f7d-11d5ab0347c2] NF registred [Heartbeat:10s] (../src/pcf/nf-sm.c:198)
06/03 02:00:05.928: [app] WARNING: Try to discover [UDR] (../lib/sbi/path.c:110)
06/03 02:00:05.930: [pcf] INFO: [b3dc6ccc-214c-41ef-ab46-5d304c501b96] (NF-discover) NF registered (../src/pcf/nnrf-handler.c:286)
06/03 02:00:05.931: [pcf] INFO: [b3dc6ccc-214c-41ef-ab46-5d304c501b96] (NF-discover) NF Profile updated (../src/pcf/nnrf-handler.c:346)
06/03 02:00:06.468: [app] WARNING: Try to discover [BSF] (../lib/sbi/path.c:110)
06/03 02:00:06.469: [app] WARNING: Try to discover [BSF] (../lib/sbi/path.c:110)
06/03 02:00:06.472: [pcf] INFO: [b3d8d94a-214c-41ef-b943-93e63d5db6b8] (NF-discover) NF registered (../src/pcf/nnrf-handler.c:286)
06/03 02:00:06.475: [pcf] INFO: [b3d8d94a-214c-41ef-b943-93e63d5db6b8] (NF-discover) NF Profile updated (../src/pcf/nnrf-handler.c:346)
06/03 02:00:06.475: [pcf] WARNING: [b3d8d94a-214c-41ef-b943-93e63d5db6b8] (NF-discover) NF has already been added (../src/pcf/nnrf-handler.c:291)
06/03 02:00:06.475: [pcf] INFO: [b3d8d94a-214c-41ef-b943-93e63d5db6b8] (NF-discover) NF Profile updated (../src/pcf/nnrf-handler.c:346)
06/03 03:00:05.934: [pcf] INFO: [b3dc6ccc-214c-41ef-ab46-5d304c501b96] NF expired (../src/pcf/nf-sm.c:294)
06/03 03:00:06.477: [pcf] INFO: [b3d8d94a-214c-41ef-b943-93e63d5db6b8] NF expired (../src/pcf/nf-sm.c:294)
