UERANSIM v3.2.6
[2024-06-03 02:00:05.428] [nas] [info] UE switches to state [MM-DEREGISTERED/PLMN-SEARCH]
[2024-06-03 02:00:05.470] [rrc] [debug] New signal detected for cell[1], total [1] cells in coverage
[2024-06-03 02:00:05.472] [nas] [info] Selected plmn[001/01]
[2024-06-03 02:00:05.472] [rrc] [info] Selected cell plmn[001/01] tac[1] category[SUITABLE]
[2024-06-03 02:00:05.472] [nas] [info] UE switches to state [MM-DEREGISTERED/PS]
[2024-06-03 02:00:05.472] [nas] [info] UE switches to state [MM-DEREGISTERED/NORMAL-SERVICE]
[2024-06-03 02:00:05.472] [nas] [debug] Initial registration required due to [MM-DEREG-NORMAL-SERVICE]
[2024-06-03 02:00:05.473] [nas] [debug] UAC access attempt is allowed for identity[0], category[MO_sig]
[2024-06-03 02:00:05.473] [nas] [debug] Sending Initial Registration
[2024-06-03 02:00:05.474] [nas] [info] UE switches to state [MM-REGISTER-INITIATED]
[2024-06-03 02:00:05.474] [rrc] [debug] Sending RRC Setup Request
[2024-06-03 02:00:05.485] [rrc] [info] RRC connection established
[2024-06-03 02:00:05.485] [rrc] [info] UE switches to state [RRC-CONNECTED]
[2024-06-03 02:00:05.486] [nas] [info] UE switches to state [CM-CONNECTED]
[2024-06-03 02:00:05.659] [nas] [debug] Authentication Request received
[2024-06-03 02:00:05.825] [nas] [debug] Security Mode Command received
[2024-06-03 02:00:05.825] [nas] [debug] Selected integrity[2] ciphering[0]
[2024-06-03 02:00:06.018] [nas] [debug] Registration accept received
[2024-06-03 02:00:06.018] [nas] [info] UE switches to state [MM-REGISTERED/NORMAL-SERVICE]
[2024-06-03 02:00:06.018] [nas] [debug] Sending Registration Complete
[2024-06-03 02:00:06.018] [nas] [info] Initial Registration is successful
[2024-06-03 02:00:06.018] [nas] [debug] Sending PDU Session Establishment Request
[2024-06-03 02:00:06.018] [nas] [debug] UAC access attempt is allowed for identity[0], category[MO_sig]
[2024-06-03 02:00:06.019] [nas] [debug] Sending PDU Session Establishment Request
[2024-06-03 02:00:06.020] [nas] [debug] UAC access attempt is allowed for identity[0], category[MO_sig]
[2024-06-03 02:00:06.500] [nas] [debug] Configuration Update Command received
[2024-06-03 02:00:06.586] [nas] [debug] PDU Session Establishment Accept received
[2024-06-03 02:00:06.587] [nas] [info] PDU Session establishment is successful PSI[1]
[2024-06-03 02:00:06.643] [app] [info] Connection setup for PDU session[1] is successful, TUN interface[uesimtun0, 10.45.0.2] is up.
[2024-06-03 02:00:06.676] [nas] [debug] PDU Session Establishment Accept received
[2024-06-03 02:00:06.676] [nas] [info] PDU Session establishment is successful PSI[2]
[2024-06-03 02:00:06.721] [app] [info] Connection setup for PDU session[2] is successful, TUN interface[uesimtun1, 10.46.0.2] is up.
